[21:19:15] [Server thread/INFO]: Starting minecraft server version 1.8.8
[21:19:15] [Server thread/INFO]: Loading properties
[21:19:15] [Server thread/INFO]: Default game type: SURVIVAL
[21:19:15] [Server thread/INFO]: Generating keypair
[21:19:15] [Server thread/INFO]: Starting Minecraft server on *:25565
[21:19:15] [Server thread/INFO]: Using epoll channel type
[21:19:15] [Server thread/INFO]: Preparing level "world"
[21:19:15] [Server thread/INFO]: Preparing start region for level 0
[21:19:16] [Server thread/INFO]: Done (0.802s)! For help, type "help" or "?"
[21:19:37] [User Authenticator #1/INFO]: UUID of player seadog007 is d5bbcf46-3b71-4e37-a33f-7d29cdec8e66
[21:19:37] [Server thread/INFO]: seadog007[/220.143.64.148:58471] logged in with entity id 222 at (23.129476536884678, 64.0, -179.39970485478273)
[21:19:37] [Server thread/INFO]: seadog007 joined the game
[21:24:31] [User Authenticator #2/INFO]: UUID of player koru1130 is 8dd60f5c-ded4-40ef-8a5b-174cab24c859
[21:24:31] [Server thread/INFO]: koru1130[/36.225.54.71:60995] logged in with entity id 4494 at (29.460708716342573, 65.13310699983204, -178.07515816481714)
[21:24:31] [Server thread/INFO]: koru1130 joined the game
[21:26:20] [Server thread/INFO]: [koru1130: Block data updated to: {id:"Sign",Text1:"\"\"",Text2:"test",Text3:"\"\"",Text4:"\"\"",z:-209,y:64,x:10}]
[21:26:23] [Server thread/INFO]: [koru1130: Block data updated to: {id:"Sign",Text1:"\"\"",Text2:"test",Text3:"\"\"",Text4:"\"\"",z:-209,y:64,x:10}]
[21:26:36] [Server thread/INFO]: [seadog007: Game rule has been updated]
[21:27:12] [Server thread/INFO]: [@: Block data updated to: {id:"Sign",Text1:"\"\"",Text2:"On",Text3:"\"\"",Text4:"\"\"",z:-204,y:66,x:9}]
[21:27:14] [Server thread/INFO]: [@: Block data updated to: {id:"Sign",Text1:"\"\"",Text2:"On",Text3:"\"\"",Text4:"\"\"",z:-204,y:66,x:9}]
[21:27:25] [Server thread/INFO]: [@: Block data updated to: {id:"Sign",Text1:"\"\"",Text2:"On",Text3:"\"\"",Text4:"\"\"",z:-204,y:66,x:9}]
[21:27:31] [Server thread/INFO]: [@: Block data updated to: {id:"Sign",Text1:"\"\"",Text2:"On",Text3:"\"\"",Text4:"\"\"",z:-204,y:66,x:9}]
[21:27:32] [Server thread/INFO]: [@: Block data updated to: {id:"Sign",Text1:"\"\"",Text2:"Off",Text3:"\"\"",Text4:"\"\"",z:-204,y:66,x:9}]
[21:27:33] [Server thread/INFO]: [@: Block data updated to: {id:"Sign",Text1:"\"\"",Text2:"On",Text3:"\"\"",Text4:"\"\"",z:-204,y:66,x:9}]
[21:27:33] [Server thread/INFO]: [@: Block data updated to: {id:"Sign",Text1:"\"\"",Text2:"Off",Text3:"\"\"",Text4:"\"\"",z:-204,y:66,x:9}]
[21:27:34] [Server thread/INFO]: [@: Block data updated to: {id:"Sign",Text1:"\"\"",Text2:"On",Text3:"\"\"",Text4:"\"\"",z:-204,y:66,x:9}]
[21:27:34] [Server thread/INFO]: [@: Block data updated to: {id:"Sign",Text1:"\"\"",Text2:"Off",Text3:"\"\"",Text4:"\"\"",z:-204,y:66,x:9}]
[21:28:31] [Server thread/INFO]: [@: Block data updated to: {id:"Sign",Text1:"\"\"",Text2:"On",Text3:"\"\"",Text4:"\"\"",z:-204,y:66,x:9}]
[21:28:31] [Server thread/INFO]: [@: Block data updated to: {id:"Sign",Text1:"on",Text2:"\"On\"",Text3:"\"\"",Text4:"\"\"",z:-204,y:66,x:9}]
[21:55:39] [Server thread/INFO]: [seadog007: 3 blocks cloned]
[22:01:01] [Server thread/INFO]: [@: Block placed]
[22:01:03] [Server thread/INFO]: [@: Block placed]
[22:01:11] [Server thread/INFO]: [@: Block placed]
[22:01:13] [Server thread/INFO]: [@: Block placed]
[22:02:30] [Server thread/INFO]: [seadog007: Teleported koru1130 to seadog007]
[22:03:24] [Server thread/INFO]: <seadog007> her
[22:03:26] [Server thread/INFO]: <seadog007> e
[22:05:06] [Server thread/INFO]: [seadog007: Given [Command Block] * 1 to seadog007]
[22:06:13] [Server thread/INFO]: [@: Block data updated to: {id:"Sign",Text1:"1",Text2:"\"\"",Text3:"\"\"",Text4:"\"\"",z:-185,y:62,x:27}]
[22:06:50] [Server thread/INFO]: [@: Block data updated to: {id:"Sign",Text1:"1",Text2:"\"\"",Text3:"\"\"",Text4:"\"\"",z:-184,y:63,x:27}]
[22:06:50] [Server thread/WARN]: Player seadog007 just tried to change non-editable sign
[22:07:07] [Server thread/INFO]: [@: Block data updated to: {id:"Sign",Text1:"1",Text2:"\"\"",Text3:"\"\"",Text4:"\"\"",z:-184,y:63,x:27}]
[22:07:16] [Server thread/INFO]: [@: Block data updated to: {id:"Sign",Text1:"0",Text2:"\"\"",Text3:"\"\"",Text4:"\"\"",z:-184,y:63,x:27}]
[22:07:20] [Server thread/INFO]: [@: Block data updated to: {id:"Sign",Text1:"0",Text2:"\"\"",Text3:"\"\"",Text4:"\"\"",z:-184,y:63,x:27}]
[22:07:30] [Server thread/INFO]: [@: Block data updated to: {id:"Sign",Text1:"0",Text2:"\"\"",Text3:"\"\"",Text4:"\"\"",z:-184,y:63,x:27}]
[22:07:34] [Server thread/INFO]: [@: Block data updated to: {id:"Sign",Text1:"0",Text2:"\"\"",Text3:"\"\"",Text4:"\"\"",z:-184,y:63,x:27}]
[22:07:46] [Server thread/INFO]: [@: Block data updated to: {id:"Sign",Text1:"0",Text2:"\"\"",Text3:"\"\"",Text4:"\"\"",z:-184,y:63,x:27}]
[22:07:46] [Server thread/INFO]: [@: Block data updated to: {id:"Sign",Text1:"1",Text2:"\"\"",Text3:"\"\"",Text4:"\"\"",z:-184,y:63,x:27}]
[22:07:49] [Server thread/INFO]: [@: Block data updated to: {id:"Sign",Text1:"0",Text2:"\"\"",Text3:"\"\"",Text4:"\"\"",z:-184,y:63,x:27}]
[22:08:12] [Server thread/INFO]: [seadog007: 3 blocks cloned]
[22:08:34] [Server thread/INFO]: [@: Block data updated to: {id:"Sign",Text1:"1",Text2:"\"\"",Text3:"\"\"",Text4:"\"\"",z:-184,y:63,x:27}]
[22:08:34] [Server thread/INFO]: [@: Block placed]
[22:10:20] [Server thread/INFO]: [@: Block data updated to: {id:"Sign",Text1:"\"\"",Text2:"1",Text3:"\"\"",Text4:"\"\"",z:-184,y:63,x:21}]
[22:10:21] [Server thread/INFO]: [@: Block placed]
[22:10:25] [Server thread/INFO]: [@: Block data updated to: {id:"Sign",Text1:"\"\"",Text2:"0",Text3:"\"\"",Text4:"\"\"",z:-184,y:63,x:21}]
[22:10:25] [Server thread/INFO]: [@: Block placed]
[22:10:26] [Server thread/INFO]: [@: Block data updated to: {id:"Sign",Text1:"0",Text2:"\"\"",Text3:"\"\"",Text4:"\"\"",z:-184,y:63,x:27}]
[22:10:26] [Server thread/INFO]: [@: Block placed]
[22:15:19] [Server thread/INFO]: [@: Block data updated to: {id:"Sign",Text1:"\"\"",Text2:"1",Text3:"\"\"",Text4:"\"\"",z:-184,y:63,x:21}]
[22:15:19] [Server thread/INFO]: [@: Block placed]
[22:15:23] [Server thread/INFO]: [@: Block data updated to: {id:"Sign",Text1:"\"\"",Text2:"0",Text3:"\"\"",Text4:"\"\"",z:-184,y:63,x:21}]
[22:15:23] [Server thread/INFO]: [@: Block placed]
[22:19:54] [Server thread/INFO]: <koru1130> Oh ?
[22:20:03] [Server thread/INFO]: [Server] 早弄完了
[22:20:06] [Server thread/INFO]: <koru1130> = =
[22:20:09] [Server thread/INFO]: [Server] 正在寫輸出
[22:20:15] [Server thread/INFO]: [@: Block data updated to: {id:"Sign",Text1:"1",Text2:"\"\"",Text3:"\"\"",Text4:"\"\"",z:-184,y:63,x:27}]
[22:20:15] [Server thread/INFO]: [@: Block placed]
[22:20:16] [Server thread/INFO]: [@: Block data updated to: {id:"Sign",Text1:"0",Text2:"\"\"",Text3:"\"\"",Text4:"\"\"",z:-184,y:63,x:27}]
[22:20:16] [Server thread/INFO]: [@: Block placed]
[22:21:26] [Server thread/INFO]: [@: Block data updated to: {id:"Sign",Text1:"1",Text2:"\"0\"",Text3:"\"\"",Text4:"\"\"",z:-184,y:63,x:21}]
[22:21:26] [Server thread/INFO]: [@: Block placed]
[22:21:31] [Server thread/INFO]: [@: Block data updated to: {id:"Sign",Text1:"0",Text2:"\"0\"",Text3:"\"\"",Text4:"\"\"",z:-184,y:63,x:21}]
[22:21:31] [Server thread/INFO]: [@: Block placed]
[22:21:57] [Server thread/INFO]: <koru1130> Ua
[22:21:59] [Server thread/INFO]: <koru1130> Ya
[22:23:36] [Server thread/INFO]: [koru1130: Given [seadog007's Head] * 1 to koru1130]
[22:24:09] [Server thread/INFO]: [@: Block data updated to: {id:"Sign",Text1:"1",Text2:"\"0\"",Text3:"\"\"",Text4:"\"\"",z:-184,y:63,x:21}]
[22:24:09] [Server thread/INFO]: [@: Block placed]
[22:24:10] [Server thread/INFO]: [@: Block data updated to: {id:"Sign",Text1:"1",Text2:"\"\"",Text3:"\"\"",Text4:"\"\"",z:-184,y:63,x:27}]
[22:24:11] [Server thread/INFO]: [@: Block placed]
[22:24:12] [Server thread/INFO]: [@: Block data updated to: {id:"Sign",Text1:"0",Text2:"\"0\"",Text3:"\"\"",Text4:"\"\"",z:-184,y:63,x:21}]
[22:24:12] [Server thread/INFO]: [@: Block placed]
[22:24:13] [Server thread/INFO]: [@: Block data updated to: {id:"Sign",Text1:"0",Text2:"\"\"",Text3:"\"\"",Text4:"\"\"",z:-184,y:63,x:27}]
[22:24:14] [Server thread/INFO]: [@: Block placed]
[22:24:23] [Server thread/INFO]: [@: Block data updated to: {id:"Sign",Text1:"1",Text2:"\"\"",Text3:"\"\"",Text4:"\"\"",z:-184,y:63,x:27}]
[22:24:23] [Server thread/INFO]: [@: Block placed]
[22:24:23] [Server thread/INFO]: [@: Block data updated to: {id:"Sign",Text1:"1",Text2:"\"0\"",Text3:"\"\"",Text4:"\"\"",z:-184,y:63,x:21}]
[22:24:24] [Server thread/INFO]: [@: Block placed]
[22:25:44] [Server thread/INFO]: <koru1130> wwww
[22:25:52] [Server thread/INFO]: [@: Block data updated to: {id:"Sign",Text1:"0",Text2:"\"0\"",Text3:"\"\"",Text4:"\"\"",z:-184,y:63,x:21}]
[22:25:52] [Server thread/INFO]: [@: Block placed]
[22:25:52] [Server thread/INFO]: [@: Block data updated to: {id:"Sign",Text1:"1",Text2:"\"0\"",Text3:"\"\"",Text4:"\"\"",z:-184,y:63,x:21}]
[22:25:52] [Server thread/INFO]: [@: Block placed]
[22:27:47] [Server thread/INFO]: [koru1130: Game rule has been updated]
[22:28:04] [Server thread/INFO]: [koru1130: Object successfully summoned]
[22:28:10] [Server thread/INFO]: [seadog007: Given [Barrier] * 1 to seadog007]
[22:28:25] [Server thread/INFO]: <seadog007> eat dirt
[22:28:32] [Server thread/INFO]: <koru1130> se"e"
[22:28:41] [Server thread/INFO]: seadog007 lost connection: TextComponent{text='Disconnected', siblings=[], style=Style{hasParent=false, color=null, bold=null, italic=null, underlined=null, obfuscated=null, clickEvent=null, hoverEvent=null, insertion=null}}
[22:28:41] [Server thread/INFO]: seadog007 left the game
[22:28:46] [Server thread/INFO]: [koru1130: Entity data updated to: {DropChances:[0:0.085f,1:0.085f,2:0.085f,3:0.085f,4:0.085f],UUIDLeast:-8319352091713939846L,Attributes:[0:{Name:"generic.maxHealth",Base:20.0d},1:{Name:"generic.knockbackResistance",Base:0.0d},2:{Name:"generic.movementSpeed",Base:0.25d},3:{Name:"generic.followRange",Base:16.0d},4:{Name:"generic.attackDamage",Base:2.0d}],Motion:[0:0.0d,1:0.0d,2:0.0d],Health:20s,HealF:20.0f,Fire:0s,NoAI:1b,Invulnerable:0b,DeathTime:0s,ignited:0b,AbsorptionAmount:0.0f,Equipment:[0:{},1:{},2:{},3:{},4:{}],OnGround:0b,HurtTime:0s,UUIDMost:-9106683419015296002L,Fuse:0,HurtByTimestamp:0,Dimension:0,Air:300s,Pos:[0:20.103882945198958d,1:65.16530728368517d,2:-171.37056026971337d],CanPickUpLoot:0b,PortalCooldown:0,PersistenceRequired:0b,Leashed:0b,FallDistance:0.0f,ExplosionRadius:3b,Rotation:[0:0.0f,1:0.0f]}]
[22:28:48] [User Authenticator #3/INFO]: UUID of player seadog007 is d5bbcf46-3b71-4e37-a33f-7d29cdec8e66
[22:28:48] [Server thread/INFO]: seadog007[/220.143.64.148:55768] logged in with entity id 62553 at (16.823355124462896, 63.69235410563569, -162.86516149483575)
[22:28:48] [Server thread/INFO]: seadog007 joined the game
[22:28:50] [Server thread/INFO]: [koru1130: Object successfully summoned]
[22:29:59] [Server thread/INFO]: [koru1130: Entity data updated to: {DropChances:[0:0.085f,1:0.085f,2:0.085f,3:0.085f,4:0.085f],UUIDLeast:-7960914806825971813L,Attributes:[0:{Name:"generic.maxHealth",Base:20.0d},1:{Name:"generic.knockbackResistance",Base:0.0d},2:{Name:"generic.movementSpeed",Base:0.25d},3:{Name:"generic.followRange",Base:16.0d},4:{Name:"generic.attackDamage",Base:2.0d}],Motion:[0:0.0d,1:0.0d,2:0.0d],Health:20s,HealF:20.0f,Fire:0s,NoAI:1b,Invulnerable:0b,DeathTime:0s,ignited:1,AbsorptionAmount:0.0f,Equipment:[0:{},1:{},2:{},3:{},4:{}],OnGround:0b,HurtTime:0s,UUIDMost:-795922843741632750L,Fuse:30s,HurtByTimestamp:0,Dimension:0,Air:300s,Pos:[0:20.112760472963032d,1:65.5444290764141d,2:-169.5836346878432d],CanPickUpLoot:0b,PortalCooldown:0,PersistenceRequired:0b,Leashed:0b,FallDistance:0.0f,ExplosionRadius:3b,Rotation:[0:0.0f,1:0.0f]}]
[22:30:03] [Server thread/INFO]: [koru1130: Object successfully summoned]
[22:30:08] [Server thread/INFO]: [koru1130: Entity data updated to: {DropChances:[0:0.085f,1:0.085f,2:0.085f,3:0.085f,4:0.085f],UUIDLeast:-7209763347757879123L,Attributes:[0:{Name:"generic.maxHealth",Base:20.0d},1:{Name:"generic.knockbackResistance",Base:0.0d},2:{Name:"generic.movementSpeed",Base:0.25d},3:{Name:"generic.followRange",Base:16.0d},4:{Name:"generic.attackDamage",Base:2.0d}],Motion:[0:-0.010782897382456755d,1:0.0d,2:-0.06673126895765696d],Health:20s,HealF:20.0f,Fire:0s,NoAI:1b,Invulnerable:0b,DeathTime:0s,ignited:0b,AbsorptionAmount:0.0f,Equipment:[0:{},1:{},2:{},3:{},4:{}],OnGround:0b,HurtTime:0s,UUIDMost:8485542693588191272L,Fuse:999999,HurtByTimestamp:0,Dimension:0,Air:300s,Pos:[0:20.275554836398015d,1:65.5444290764141d,2:-168.4789088753666d],CanPickUpLoot:0b,PortalCooldown:0,PersistenceRequired:0b,Leashed:0b,FallDistance:0.0f,ExplosionRadius:3b,Rotation:[0:0.0f,1:0.0f]}]
[22:30:14] [Server thread/INFO]: [koru1130: Entity data updated to: {DropChances:[0:0.085f,1:0.085f,2:0.085f,3:0.085f,4:0.085f],UUIDLeast:-7209763347757879123L,Attributes:[0:{Name:"generic.maxHealth",Base:20.0d},1:{Name:"generic.knockbackResistance",Base:0.0d},2:{Name:"generic.movementSpeed",Base:0.25d},3:{Name:"generic.followRange",Base:16.0d},4:{Name:"generic.attackDamage",Base:2.0d}],Motion:[0:0.0d,1:0.0d,2:0.0d],Health:20s,HealF:20.0f,Fire:0s,NoAI:1b,Invulnerable:0b,DeathTime:0s,ignited:1,AbsorptionAmount:0.0f,Equipment:[0:{},1:{},2:{},3:{},4:{}],OnGround:0b,HurtTime:0s,UUIDMost:8485542693588191272L,Fuse:16959s,HurtByTimestamp:0,Dimension:0,Air:300s,Pos:[0:20.275554836398015d,1:65.5444290764141d,2:-168.4789088753666d],CanPickUpLoot:0b,PortalCooldown:0,PersistenceRequired:0b,Leashed:0b,FallDistance:0.0f,ExplosionRadius:3b,Rotation:[0:0.0f,1:0.0f]}]
[22:30:25] [Server thread/INFO]: [koru1130: Object successfully summoned]
[22:30:57] [Server thread/INFO]: [koru1130: Object successfully summoned]
[22:31:08] [Server thread/INFO]: [koru1130: Object successfully summoned]
[22:31:16] [Server thread/INFO]: [koru1130: Object successfully summoned]
[22:31:33] [Server thread/INFO]: <seadog007> WTF
[22:31:36] [Server thread/INFO]: <seadog007> ....
[22:31:37] [Server thread/INFO]: <koru1130> ?
[22:31:42] [Server thread/INFO]: <seadog007> please don't put any mob
[22:31:48] [Server thread/INFO]: <koru1130> Why?
[22:31:52] [Server thread/INFO]: [seadog007: Set game difficulty to Peaceful]
[22:31:55] [Server thread/INFO]: <koru1130> QQ
[22:34:14] [Server thread/INFO]: [koru1130: Playing effect barrier for 10 times]
[22:34:18] [Server thread/INFO]: <seadog007> ...
[22:34:22] [Server thread/INFO]: <koru1130> wwwwwwwwwwwwwww
[22:35:26] [Server thread/INFO]: [koru1130] Hi
[22:35:30] [Server thread/INFO]: <koru1130> Oh
[22:36:59] [Server thread/INFO]: [seadog007: Teleported koru1130 to seadog007]
[22:37:02] [Server thread/INFO]: [seadog007: Cleared the inventory of koru1130, removing 14 items]
[22:37:05] [Server thread/INFO]: [seadog007: Teleported koru1130 to seadog007]
[22:37:09] [Server thread/INFO]: [seadog007: Set koru1130's game mode to Survival Mode]
[22:37:10] [Server thread/INFO]: [koru1130: Teleported koru1130 to seadog007]
[22:37:11] [Server thread/INFO]: <seadog007> test now
[22:37:14] [Server thread/INFO]: [@: Block data updated to: {id:"Sign",Text1:"0",Text2:"\"\"",Text3:"\"\"",Text4:"\"\"",z:-184,y:63,x:27}]
[22:37:14] [Server thread/INFO]: [@: Block placed]
[22:37:15] [Server thread/INFO]: [seadog007: De-opped kyob1010]
[22:37:17] [Server thread/INFO]: [@: Block data updated to: {id:"Sign",Text1:"0",Text2:"\"0\"",Text3:"\"\"",Text4:"\"\"",z:-184,y:63,x:21}]
[22:37:17] [Server thread/INFO]: [@: Block placed]
[22:37:18] [Server thread/INFO]: [@: Block data updated to: {id:"Sign",Text1:"1",Text2:"\"\"",Text3:"\"\"",Text4:"\"\"",z:-184,y:63,x:27}]
[22:37:18] [Server thread/INFO]: [@: Block placed]
[22:37:19] [Server thread/INFO]: [@: Block data updated to: {id:"Sign",Text1:"1",Text2:"\"0\"",Text3:"\"\"",Text4:"\"\"",z:-184,y:63,x:21}]
[22:37:20] [Server thread/INFO]: [@: Block placed]
[22:37:21] [Server thread/INFO]: [@: Block data updated to: {id:"Sign",Text1:"0",Text2:"\"\"",Text3:"\"\"",Text4:"\"\"",z:-184,y:63,x:27}]
[22:37:21] [Server thread/INFO]: [@: Block placed]
[22:37:24] [Server thread/INFO]: [@: Block data updated to: {id:"Sign",Text1:"0",Text2:"\"0\"",Text3:"\"\"",Text4:"\"\"",z:-184,y:63,x:21}]
[22:37:24] [Server thread/INFO]: [@: Block placed]
[22:37:26] [Server thread/INFO]: [@: Block data updated to: {id:"Sign",Text1:"1",Text2:"\"0\"",Text3:"\"\"",Text4:"\"\"",z:-184,y:63,x:21}]
[22:37:27] [Server thread/INFO]: [@: Block placed]
[22:37:28] [Server thread/INFO]: <seadog007> I mean the barrier
[22:37:29] [Server thread/INFO]: [@: Block data updated to: {id:"Sign",Text1:"0",Text2:"\"0\"",Text3:"\"\"",Text4:"\"\"",z:-184,y:63,x:21}]
[22:37:30] [Server thread/INFO]: [@: Block placed]
[22:37:30] [Server thread/INFO]: <seadog007> s
[22:37:31] [Server thread/INFO]: <koru1130> Oh
[22:38:11] [Server thread/INFO]: [seadog007: Set own game mode to Survival Mode]
[22:38:41] [Server thread/INFO]: [koru1130: Given [Barrier] * 1 to koru1130]
[22:38:47] [Server thread/INFO]: [koru1130: Set own game mode to Creative Mode]
[22:38:58] [Server thread/INFO]: [seadog007: Set own game mode to Creative Mode]
[22:39:03] [Server thread/INFO]: [seadog007: De-opped koru1130]
[22:39:05] [Server thread/INFO]: [seadog007: Set koru1130's game mode to Survival Mode]
[22:39:09] [Server thread/INFO]: [seadog007: Cleared the inventory of koru1130, removing 1 items]
[22:39:18] [Server thread/INFO]: [seadog007: Set koru1130's game mode to Survival Mode]
[22:39:59] [Server thread/INFO]: koru1130 lost connection: TextComponent{text='Disconnected', siblings=[], style=Style{hasParent=false, color=null, bold=null, italic=null, underlined=null, obfuscated=null, clickEvent=null, hoverEvent=null, insertion=null}}
[22:39:59] [Server thread/INFO]: koru1130 left the game
[22:40:22] [Server thread/INFO]: [seadog007: The world's default game mode is now Adventure Mode]
[22:40:26] [Server thread/INFO]: seadog007 fell out of the world
[22:40:26] [Server thread/INFO]: [seadog007: Killed seadog007]
[22:40:31] [Server thread/INFO]: seadog007 fell out of the world
[22:40:31] [Server thread/INFO]: [seadog007: Killed seadog007]
[22:40:36] [User Authenticator #4/INFO]: UUID of player koru1130 is 8dd60f5c-ded4-40ef-8a5b-174cab24c859
[22:40:36] [Server thread/INFO]: koru1130[/36.225.54.71:34349] logged in with entity id 275683 at (31.699999988079067, 64.0, -196.69999998807907)
[22:40:36] [Server thread/INFO]: koru1130 joined the game
[22:40:41] [Server thread/INFO]: koru1130 fell out of the world
[22:40:41] [Server thread/INFO]: [seadog007: Killed koru1130]
[22:40:44] [Server thread/INFO]: [seadog007: Teleported seadog007 to koru1130]
[22:40:50] [Server thread/INFO]: <koru1130> www
[22:40:50] [Server thread/INFO]: <seadog007> good
[22:40:53] [Server thread/INFO]: [seadog007: Cleared the inventory of seadog007, removing 1 items]
[22:40:56] [Server thread/INFO]: [seadog007: Set own game mode to Adventure Mode]
[22:41:01] [Server thread/INFO]: [seadog007: Set koru1130's game mode to Adventure Mode]
[22:41:06] [Server thread/INFO]: [@: Block data updated to: {id:"Sign",Text1:"1",Text2:"\"0\"",Text3:"\"\"",Text4:"\"\"",z:-184,y:63,x:21}]
[22:41:06] [Server thread/INFO]: [@: Block placed]
[22:41:09] [Server thread/INFO]: [@: Block data updated to: {id:"Sign",Text1:"0",Text2:"\"0\"",Text3:"\"\"",Text4:"\"\"",z:-184,y:63,x:21}]
[22:41:09] [Server thread/INFO]: [@: Block placed]
[22:41:18] [Server thread/INFO]: seadog007 lost connection: TextComponent{text='Disconnected', siblings=[], style=Style{hasParent=false, color=null, bold=null, italic=null, underlined=null, obfuscated=null, clickEvent=null, hoverEvent=null, insertion=null}}
[22:41:18] [Server thread/INFO]: seadog007 left the game
[22:41:24] [User Authenticator #5/INFO]: UUID of player seadog007 is d5bbcf46-3b71-4e37-a33f-7d29cdec8e66
[22:41:24] [Server thread/INFO]: seadog007[/220.143.64.148:58289] logged in with entity id 294570 at (24.816967350495915, 65.0, -180.47846244324037)
[22:41:24] [Server thread/INFO]: seadog007 joined the game
[22:41:26] [Server thread/INFO]: [seadog007: Stopping the server]
[22:41:26] [Server thread/INFO]: Stopping server
[22:41:26] [Server thread/INFO]: Saving players
[22:41:26] [Server thread/INFO]: koru1130 lost connection: TextComponent{text='Server closed', siblings=[], style=Style{hasParent=false, color=null, bold=null, italic=null, underlined=null, obfuscated=null, clickEvent=null, hoverEvent=null, insertion=null}}
[22:41:26] [Server thread/INFO]: koru1130 left the game
[22:41:26] [Server thread/INFO]: Saving worlds
[22:41:26] [Server thread/INFO]: Saving chunks for level 'world'/Overworld
[22:41:26] [Server thread/INFO]: Saving chunks for level 'world'/Nether
[22:41:26] [Server thread/INFO]: Saving chunks for level 'world'/The End
[22:41:26] [Server Shutdown Thread/INFO]: Stopping server
[22:41:26] [Server Shutdown Thread/INFO]: Saving players
